#
# A fatal error has been detected by the Java Runtime Environment:
#
#  EXCEPTION_ACCESS_VIOLATION (0xc0000005) at pc=0x00007ffb8ee025bd, pid=33056, tid=32832
#
# JRE version: OpenJDK Runtime Environment AdoptOpenJDK (11.0.8+10) (build 11.0.8+10)
# Java VM: OpenJDK 64-Bit Server VM AdoptOpenJDK (11.0.8+10, mixed mode, tiered, compressed oops, g1 gc, windows-amd64)
# Problematic frame:
# C  [nvd3dumx.dll+0xba25bd]
#
# No core dump will be written. Minidumps are not enabled by default on client versions of Windows
#
# If you would like to submit a bug report, please visit:
#   https://github.com/AdoptOpenJDK/openjdk-support/issues
# The crash happened outside the Java Virtual Machine in native code.
# See problematic frame for where to report the bug.
#

---------------  S U M M A R Y ------------

Command Line: -Dfile.encoding=MS949 package_0.Calcul

Host: Intel(R) Core(TM) i5-9400F CPU @ 2.90GHz, 6 cores, 15G,  Windows 10 , 64 bit Build 19041 (10.0.19041.546)
Time: Sun Nov 15 15:27:21 2020 대한민국 표준시 elapsed time: 0 seconds (0d 0h 0m 0s)

---------------  T H R E A D  ---------------

Current thread (0x0000024ee3927800):  JavaThread "AWT-Windows" daemon [_thread_in_native, id=32832, stack(0x0000007722800000,0x0000007722900000)]

Stack: [0x0000007722800000,0x0000007722900000],  sp=0x00000077228fb720,  free space=1005k
Native frames: (J=compiled Java code, j=interpreted, Vv=VM code, C=native code)
C  [nvd3dumx.dll+0xba25bd]

Java frames: (J=compiled Java code, j=interpreted, Vv=VM code)
j  sun.java2d.d3d.D3DGraphicsDevice.getDeviceCapsNative(I)I+0 java.desktop@11.0.8
j  sun.java2d.d3d.D3DGraphicsDevice$1.run()V+8 java.desktop@11.0.8
v  ~StubRoutines::call_stub
j  sun.awt.windows.WToolkit.eventLoop()V+0 java.desktop@11.0.8
j  sun.awt.windows.WToolkit.run()V+50 java.desktop@11.0.8
j  java.lang.Thread.run()V+11 java.base@11.0.8
v  ~StubRoutines::call_stub

siginfo: EXCEPTION_ACCESS_VIOLATION (0xc0000005), writing address 0x0000000000000000


Register to memory mapping:

RIP=0x00007ffb8ee025bd nvd3dumx.dll
RAX=0x0 is NULL
RBX=0x0 is NULL
RCX=0x0000000000000008 is an unknown value
RDX=0x0 is NULL
RSP=0x00000077228fb720 is pointing into the stack for thread: 0x0000024ee3927800
RBP=0x0000024ee39b4350 points into unknown readable memory: 08 be 08 8f fb 7f 00 00
RSI=0x0000024ee39ddd90 points into unknown readable memory: 41 44 56 4e 04 00 01 00
RDI=0x0000024ee3579f80 points into unknown readable memory: 00 00 00 00 00 00 00 00
R8 =0x000000000000000a is an unknown value
R9 =0x00000077228fb668 is pointing into the stack for thread: 0x0000024ee3927800
R10=0x000000000000001b is an unknown value
R11=0x00000077228fb5f0 is pointing into the stack for thread: 0x0000024ee3927800
R12=0x0 is NULL
R13=0x0000024ee39dbd10 points into unknown readable memory: 02 09 00 00 03 b0 00 00
R14=0x0000024ee39da320 points into unknown readable memory: c0 00 00 40 00 00 00 00
R15=0x0000000040000000 is an unknown value


Registers:
RAX=0x0000000000000000, RBX=0x0000000000000000, RCX=0x0000000000000008, RDX=0x0000000000000000
RSP=0x00000077228fb720, RBP=0x0000024ee39b4350, RSI=0x0000024ee39ddd90, RDI=0x0000024ee3579f80
R8 =0x000000000000000a, R9 =0x00000077228fb668, R10=0x000000000000001b, R11=0x00000077228fb5f0
R12=0x0000000000000000, R13=0x0000024ee39dbd10, R14=0x0000024ee39da320, R15=0x0000000040000000
RIP=0x00007ffb8ee025bd, EFLAGS=0x0000000000010202

Top of Stack: (sp=0x00000077228fb720)
0x00000077228fb720:   0000000000000000 0000024ee3579f80
0x00000077228fb730:   0000000000000000 0000024ee39ddd90
0x00000077228fb740:   0000024ee39b4350 00007ffb8edf0c04
0x00000077228fb750:   0000000000000000 00000077228fb850
0x00000077228fb760:   0000024ee39ddd90 0000024ee39b4350
0x00000077228fb770:   0000000040000001 0000000000000201
0x00000077228fb780:   0000024ebcf70478 00000077228fb790
0x00000077228fb790:   0000000000000003 0000000000000040
0x00000077228fb7a0:   0000000000000037 0000000000000004
0x00000077228fb7b0:   0000000000000000 00000077228fb889
0x00000077228fb7c0:   0000000000000000 00007ffbda7e6e2c
0x00000077228fb7d0:   0000024ebcf30000 0000000000000000
0x00000077228fb7e0:   0000000000000037 0000007700000000
0x00000077228fb7f0:   0000024ebcf70000 00007ffbda7e6e2c
0x00000077228fb800:   0000024e00000002 0000024e00000000
0x00000077228fb810:   0000000000000027 00007ffb00000000 

Instructions: (pc=0x00007ffb8ee025bd)
0x00007ffb8ee024bd:   c8 77 70 49 8d 14 08 48 3b d0 76 67 0f 1f 80 00
0x00007ffb8ee024cd:   00 00 00 8b 40 10 83 c0 18 48 01 83 b0 22 00 00
0x00007ffb8ee024dd:   48 8b 83 b0 22 00 00 83 38 fe 74 09 48 3b 83 98
0x00007ffb8ee024ed:   22 00 00 75 14 48 8b 83 a0 22 00 00 48 05 30 07
0x00007ffb8ee024fd:   00 00 48 89 83 b0 22 00 00 48 8b 83 b0 22 00 00
0x00007ffb8ee0250d:   48 3b c8 77 05 48 3b d0 77 b9 8b c8 48 8b 83 80
0x00007ffb8ee0251d:   22 00 00 2b 8b a0 22 00 00 81 e9 30 07 00 00 48
0x00007ffb8ee0252d:   89 48 20 44 89 4c 24 20 44 89 54 24 30 e8 01 ef
0x00007ffb8ee0253d:   ff ff 48 8b 8b 80 22 00 00 48 8d 54 24 20 4c 8b
0x00007ffb8ee0254d:   c7 f2 0f 11 44 24 28 8b 81 38 4c 00 00 89 44 24
0x00007ffb8ee0255d:   34 ff c0 89 81 38 4c 00 00 48 8b cb e8 e2 fb ff
0x00007ffb8ee0256d:   ff ff 05 b4 3d 84 00 48 8b 5c 24 50 48 83 c4 40
0x00007ffb8ee0257d:   5f c3 cc 48 89 5c 24 08 48 89 6c 24 10 48 89 74
0x00007ffb8ee0258d:   24 18 57 48 83 ec 20 48 8b f9 48 8b ea 48 81 c1
0x00007ffb8ee0259d:   b8 22 00 00 ff 15 49 2d 1e 00 b9 00 a0 00 00 e8
0x00007ffb8ee025ad:   ff 18 1a 00 48 89 87 90 22 00 00 b9 08 00 00 00
0x00007ffb8ee025bd:   c7 00 ff ff ff ff e8 38 f5 cb ff 48 85 c0 74 0a
0x00007ffb8ee025cd:   48 8d 0d 0c e4 1f 00 48 89 08 48 89 87 88 22 00
0x00007ffb8ee025dd:   00 48 85 c0 75 07 bb 0e 00 07 80 eb 5e 48 8b 8f
0x00007ffb8ee025ed:   90 22 00 00 ba 00 a0 00 00 e8 f3 33 1a 00 8b d8
0x00007ffb8ee025fd:   85 c0 78 47 48 8b 8f 90 22 00 00 48 8b d5 48 8d
0x00007ffb8ee0260d:   81 00 a0 00 00 48 89 87 98 22 00 00 48 8d 81 00
0x00007ffb8ee0261d:   4f 00 00 48 8b cf 48 89 87 a0 22 00 00 48 89 87
0x00007ffb8ee0262d:   a8 22 00 00 e8 7a 05 00 00 8b d8 85 c0 78 0c 48
0x00007ffb8ee0263d:   8b 8f 80 22 00 00 e8 38 e9 ff ff 48 8d 8f b8 22
0x00007ffb8ee0264d:   00 00 ff 15 a3 2c 1e 00 48 8b 6c 24 38 8b c3 48
0x00007ffb8ee0265d:   8b 5c 24 30 48 8b 74 24 40 48 83 c4 20 5f c3 cc
0x00007ffb8ee0266d:   cc cc cc 48 89 5c 24 08 48 89 6c 24 10 48 89 74
0x00007ffb8ee0267d:   24 18 57 48 83 ec 20 48 8b e9 49 8b f8 48 8d 0d
0x00007ffb8ee0268d:   97 73 84 00 48 8b f2 33 db ff 15 54 2c 1e 00 48
0x00007ffb8ee0269d:   39 1d 5d 3c 84 00 0f 85 04 01 00 00 8d 4b 08 e8
0x00007ffb8ee026ad:   4f f4 cb ff 48 85 c0 0f 84 e7 00 00 00 48 8d 0d 


Stack slot to memory mapping:
stack at sp + 0 slots: 0x0 is NULL
stack at sp + 1 slots: 0x0000024ee3579f80 points into unknown readable memory: 00 00 00 00 00 00 00 00
stack at sp + 2 slots: 0x0 is NULL
stack at sp + 3 slots: 0x0000024ee39ddd90 points into unknown readable memory: 41 44 56 4e 04 00 01 00
stack at sp + 4 slots: 0x0000024ee39b4350 points into unknown readable memory: 08 be 08 8f fb 7f 00 00
stack at sp + 5 slots: 0x00007ffb8edf0c04 nvd3dumx.dll
stack at sp + 6 slots: 0x0 is NULL
stack at sp + 7 slots: 0x00000077228fb850 is pointing into the stack for thread: 0x0000024ee3927800


---------------  P R O C E S S  ---------------

Threads class SMR info:
_java_thread_list=0x0000024ee37fd260, length=13, elements={
0x0000024ebe9c5000, 0x0000024ee297e800, 0x0000024ee2976000, 0x0000024ee3266000,
0x0000024ee3267800, 0x0000024ee3270800, 0x0000024ee3282800, 0x0000024ee3274000,
0x0000024ee33fc800, 0x0000024ee3416000, 0x0000024ee3929800, 0x0000024ee392a000,
0x0000024ee3927800
}

Java Threads: ( => current thread )
  0x0000024ebe9c5000 JavaThread "main" [_thread_in_native, id=28280, stack(0x0000007721500000,0x0000007721600000)]
  0x0000024ee297e800 JavaThread "Reference Handler" daemon [_thread_blocked, id=33664, stack(0x0000007721c00000,0x0000007721d00000)]
  0x0000024ee2976000 JavaThread "Finalizer" daemon [_thread_blocked, id=32396, stack(0x0000007721d00000,0x0000007721e00000)]
  0x0000024ee3266000 JavaThread "Signal Dispatcher" daemon [_thread_blocked, id=33760, stack(0x0000007721e00000,0x0000007721f00000)]
  0x0000024ee3267800 JavaThread "Attach Listener" daemon [_thread_blocked, id=32548, stack(0x0000007721f00000,0x0000007722000000)]
  0x0000024ee3270800 JavaThread "C2 CompilerThread0" daemon [_thread_blocked, id=32428, stack(0x0000007722000000,0x0000007722100000)]
  0x0000024ee3282800 JavaThread "C1 CompilerThread0" daemon [_thread_blocked, id=31016, stack(0x0000007722100000,0x0000007722200000)]
  0x0000024ee3274000 JavaThread "Sweeper thread" daemon [_thread_blocked, id=33012, stack(0x0000007722200000,0x0000007722300000)]
  0x0000024ee33fc800 JavaThread "Service Thread" daemon [_thread_blocked, id=30812, stack(0x0000007722300000,0x0000007722400000)]
  0x0000024ee3416000 JavaThread "Common-Cleaner" daemon [_thread_blocked, id=28204, stack(0x0000007722500000,0x0000007722600000)]
  0x0000024ee3929800 JavaThread "Java2D Disposer" daemon [_thread_blocked, id=32184, stack(0x0000007722600000,0x0000007722700000)]
  0x0000024ee392a000 JavaThread "AWT-Shutdown" [_thread_blocked, id=32840, stack(0x0000007722700000,0x0000007722800000)]
=>0x0000024ee3927800 JavaThread "AWT-Windows" daemon [_thread_in_native, id=32832, stack(0x0000007722800000,0x0000007722900000)]

Other Threads:
  0x0000024ee294b800 VMThread "VM Thread" [stack: 0x0000007721b00000,0x0000007721c00000] [id=29636]
  0x0000024ee3411000 WatcherThread [stack: 0x0000007722400000,0x0000007722500000] [id=20488]
  0x0000024ebe9df000 GCTaskThread "GC Thread#0" [stack: 0x0000007721600000,0x0000007721700000] [id=19076]
  0x0000024ebea3e800 ConcurrentGCThread "G1 Main Marker" [stack: 0x0000007721700000,0x0000007721800000] [id=32024]
  0x0000024ebea40800 ConcurrentGCThread "G1 Conc#0" [stack: 0x0000007721800000,0x0000007721900000] [id=31492]
  0x0000024ee282e800 ConcurrentGCThread "G1 Refine#0" [stack: 0x0000007721900000,0x0000007721a00000] [id=4916]
  0x0000024ee2831800 ConcurrentGCThread "G1 Young RemSet Sampling" [stack: 0x0000007721a00000,0x0000007721b00000] [id=32584]

Threads with active compile tasks:

VM state:not at safepoint (normal execution)

VM Mutex/Monitor currently owned by a thread: None

Heap address: 0x0000000701000000, size: 4080 MB, Compressed Oops mode: Zero based, Oop shift amount: 3
Narrow klass base: 0x0000000800000000, Narrow klass shift: 0
Compressed class space size: 1073741824 Address: 0x0000000800000000

Heap:
 garbage-first heap   total 262144K, used 4096K [0x0000000701000000, 0x0000000800000000)
  region size 1024K, 5 young (5120K), 0 survivors (0K)
 Metaspace       used 8633K, capacity 8802K, committed 8960K, reserved 1056768K
  class space    used 836K, capacity 931K, committed 1024K, reserved 1048576K
Heap Regions: E=young(eden), S=young(survivor), O=old, HS=humongous(starts), HC=humongous(continues), CS=collection set, F=free, A=archive, TAMS=top-at-mark-start (previous, next)
|   0|0x0000000701000000, 0x0000000701000000, 0x0000000701100000|  0%| F|  |TAMS 0x0000000701000000, 0x0000000701000000| Untracked 
|   1|0x0000000701100000, 0x0000000701100000, 0x0000000701200000|  0%| F|  |TAMS 0x0000000701100000, 0x0000000701100000| Untracked 
|   2|0x0000000701200000, 0x0000000701200000, 0x0000000701300000|  0%| F|  |TAMS 0x0000000701200000, 0x0000000701200000| Untracked 
|   3|0x0000000701300000, 0x0000000701300000, 0x0000000701400000|  0%| F|  |TAMS 0x0000000701300000, 0x0000000701300000| Untracked 
|   4|0x0000000701400000, 0x0000000701400000, 0x0000000701500000|  0%| F|  |TAMS 0x0000000701400000, 0x0000000701400000| Untracked 
|   5|0x0000000701500000, 0x0000000701500000, 0x0000000701600000|  0%| F|  |TAMS 0x0000000701500000, 0x0000000701500000| Untracked 
|   6|0x0000000701600000, 0x0000000701600000, 0x0000000701700000|  0%| F|  |TAMS 0x0000000701600000, 0x0000000701600000| Untracked 
|   7|0x0000000701700000, 0x0000000701700000, 0x0000000701800000|  0%| F|  |TAMS 0x0000000701700000, 0x0000000701700000| Untracked 
|   8|0x0000000701800000, 0x0000000701800000, 0x0000000701900000|  0%| F|  |TAMS 0x0000000701800000, 0x0000000701800000| Untracked 
|   9|0x0000000701900000, 0x0000000701900000, 0x0000000701a00000|  0%| F|  |TAMS 0x0000000701900000, 0x0000000701900000| Untracked 
|  10|0x0000000701a00000, 0x0000000701a00000, 0x0000000701b00000|  0%| F|  |TAMS 0x0000000701a00000, 0x0000000701a00000| Untracked 
|  11|0x0000000701b00000, 0x0000000701b00000, 0x0000000701c00000|  0%| F|  |TAMS 0x0000000701b00000, 0x0000000701b00000| Untracked 
|  12|0x0000000701c00000, 0x0000000701c00000, 0x0000000701d00000|  0%| F|  |TAMS 0x0000000701c00000, 0x0000000701c00000| Untracked 
|  13|0x0000000701d00000, 0x0000000701d00000, 0x0000000701e00000|  0%| F|  |TAMS 0x0000000701d00000, 0x0000000701d00000| Untracked 
|  14|0x0000000701e00000, 0x0000000701e00000, 0x0000000701f00000|  0%| F|  |TAMS 0x0000000701e00000, 0x0000000701e00000| Untracked 
|  15|0x0000000701f00000, 0x0000000701f00000, 0x0000000702000000|  0%| F|  |TAMS 0x0000000701f00000, 0x0000000701f00000| Untracked 
|  16|0x0000000702000000, 0x0000000702000000, 0x0000000702100000|  0%| F|  |TAMS 0x0000000702000000, 0x0000000702000000| Untracked 
|  17|0x0000000702100000, 0x0000000702100000, 0x0000000702200000|  0%| F|  |TAMS 0x0000000702100000, 0x0000000702100000| Untracked 
|  18|0x0000000702200000, 0x0000000702200000, 0x0000000702300000|  0%| F|  |TAMS 0x0000000702200000, 0x0000000702200000| Untracked 
|  19|0x0000000702300000, 0x0000000702300000, 0x0000000702400000|  0%| F|  |TAMS 0x0000000702300000, 0x0000000702300000| Untracked 
|  20|0x0000000702400000, 0x0000000702400000, 0x0000000702500000|  0%| F|  |TAMS 0x0000000702400000, 0x0000000702400000| Untracked 
|  21|0x0000000702500000, 0x0000000702500000, 0x0000000702600000|  0%| F|  |TAMS 0x0000000702500000, 0x0000000702500000| Untracked 
|  22|0x0000000702600000, 0x0000000702600000, 0x0000000702700000|  0%| F|  |TAMS 0x0000000702600000, 0x0000000702600000| Untracked 
|  23|0x0000000702700000, 0x0000000702700000, 0x0000000702800000|  0%| F|  |TAMS 0x0000000702700000, 0x0000000702700000| Untracked 
|  24|0x0000000702800000, 0x0000000702800000, 0x0000000702900000|  0%| F|  |TAMS 0x0000000702800000, 0x0000000702800000| Untracked 
|  25|0x0000000702900000, 0x0000000702900000, 0x0000000702a00000|  0%| F|  |TAMS 0x0000000702900000, 0x0000000702900000| Untracked 
|  26|0x0000000702a00000, 0x0000000702a00000, 0x0000000702b00000|  0%| F|  |TAMS 0x0000000702a00000, 0x0000000702a00000| Untracked 
|  27|0x0000000702b00000, 0x0000000702b00000, 0x0000000702c00000|  0%| F|  |TAMS 0x0000000702b00000, 0x0000000702b00000| Untracked 
|  28|0x0000000702c00000, 0x0000000702c00000, 0x0000000702d00000|  0%| F|  |TAMS 0x0000000702c00000, 0x0000000702c00000| Untracked 
|  29|0x0000000702d00000, 0x0000000702d00000, 0x0000000702e00000|  0%| F|  |TAMS 0x0000000702d00000, 0x0000000702d00000| Untracked 
|  30|0x0000000702e00000, 0x0000000702e00000, 0x0000000702f00000|  0%| F|  |TAMS 0x0000000702e00000, 0x0000000702e00000| Untracked 
|  31|0x0000000702f00000, 0x0000000702f00000, 0x0000000703000000|  0%| F|  |TAMS 0x0000000702f00000, 0x0000000702f00000| Untracked 
|  32|0x0000000703000000, 0x0000000703000000, 0x0000000703100000|  0%| F|  |TAMS 0x0000000703000000, 0x0000000703000000| Untracked 
|  33|0x0000000703100000, 0x0000000703100000, 0x0000000703200000|  0%| F|  |TAMS 0x0000000703100000, 0x0000000703100000| Untracked 
|  34|0x0000000703200000, 0x0000000703200000, 0x0000000703300000|  0%| F|  |TAMS 0x0000000703200000, 0x0000000703200000| Untracked 
|  35|0x0000000703300000, 0x0000000703300000, 0x0000000703400000|  0%| F|  |TAMS 0x0000000703300000, 0x0000000703300000| Untracked 
|  36|0x0000000703400000, 0x0000000703400000, 0x0000000703500000|  0%| F|  |TAMS 0x0000000703400000, 0x0000000703400000| Untracked 
|  37|0x0000000703500000, 0x0000000703500000, 0x0000000703600000|  0%| F|  |TAMS 0x0000000703500000, 0x0000000703500000| Untracked 
|  38|0x0000000703600000, 0x0000000703600000, 0x0000000703700000|  0%| F|  |TAMS 0x0000000703600000, 0x0000000703600000| Untracked 
|  39|0x0000000703700000, 0x0000000703700000, 0x0000000703800000|  0%| F|  |TAMS 0x0000000703700000, 0x0000000703700000| Untracked 
|  40|0x0000000703800000, 0x0000000703800000, 0x0000000703900000|  0%| F|  |TAMS 0x0000000703800000, 0x0000000703800000| Untracked 
|  41|0x0000000703900000, 0x0000000703900000, 0x0000000703a00000|  0%| F|  |TAMS 0x0000000703900000, 0x0000000703900000| Untracked 
|  42|0x0000000703a00000, 0x0000000703a00000, 0x0000000703b00000|  0%| F|  |TAMS 0x0000000703a00000, 0x0000000703a00000| Untracked 
|  43|0x0000000703b00000, 0x0000000703b00000, 0x0000000703c00000|  0%| F|  |TAMS 0x0000000703b00000, 0x0000000703b00000| Untracked 
|  44|0x0000000703c00000, 0x0000000703c00000, 0x0000000703d00000|  0%| F|  |TAMS 0x0000000703c00000, 0x0000000703c00000| Untracked 
|  45|0x0000000703d00000, 0x0000000703d00000, 0x0000000703e00000|  0%| F|  |TAMS 0x0000000703d00000, 0x0000000703d00000| Untracked 
|  46|0x0000000703e00000, 0x0000000703e00000, 0x0000000703f00000|  0%| F|  |TAMS 0x0000000703e00000, 0x0000000703e00000| Untracked 
|  47|0x0000000703f00000, 0x0000000703f00000, 0x0000000704000000|  0%| F|  |TAMS 0x0000000703f00000, 0x0000000703f00000| Untracked 
|  48|0x0000000704000000, 0x0000000704000000, 0x0000000704100000|  0%| F|  |TAMS 0x0000000704000000, 0x0000000704000000| Untracked 
|  49|0x0000000704100000, 0x0000000704100000, 0x0000000704200000|  0%| F|  |TAMS 0x0000000704100000, 0x0000000704100000| Untracked 
|  50|0x0000000704200000, 0x0000000704200000, 0x0000000704300000|  0%| F|  |TAMS 0x0000000704200000, 0x0000000704200000| Untracked 
|  51|0x0000000704300000, 0x0000000704300000, 0x0000000704400000|  0%| F|  |TAMS 0x0000000704300000, 0x0000000704300000| Untracked 
|  52|0x0000000704400000, 0x0000000704400000, 0x0000000704500000|  0%| F|  |TAMS 0x0000000704400000, 0x0000000704400000| Untracked 
|  53|0x0000000704500000, 0x0000000704500000, 0x0000000704600000|  0%| F|  |TAMS 0x0000000704500000, 0x0000000704500000| Untracked 
|  54|0x0000000704600000, 0x0000000704600000, 0x0000000704700000|  0%| F|  |TAMS 0x0000000704600000, 0x0000000704600000| Untracked 
|  55|0x0000000704700000, 0x0000000704700000, 0x0000000704800000|  0%| F|  |TAMS 0x0000000704700000, 0x0000000704700000| Untracked 
|  56|0x0000000704800000, 0x0000000704800000, 0x0000000704900000|  0%| F|  |TAMS 0x0000000704800000, 0x0000000704800000| Untracked 
|  57|0x0000000704900000, 0x0000000704900000, 0x0000000704a00000|  0%| F|  |TAMS 0x0000000704900000, 0x0000000704900000| Untracked 
|  58|0x0000000704a00000, 0x0000000704a00000, 0x0000000704b00000|  0%| F|  |TAMS 0x0000000704a00000, 0x0000000704a00000| Untracked 
|  59|0x0000000704b00000, 0x0000000704b00000, 0x0000000704c00000|  0%| F|  |TAMS 0x0000000704b00000, 0x0000000704b00000| Untracked 
|  60|0x0000000704c00000, 0x0000000704c00000, 0x0000000704d00000|  0%| F|  |TAMS 0x0000000704c00000, 0x0000000704c00000| Untracked 
|  61|0x0000000704d00000, 0x0000000704d00000, 0x0000000704e00000|  0%| F|  |TAMS 0x0000000704d00000, 0x0000000704d00000| Untracked 
|  62|0x0000000704e00000, 0x0000000704e00000, 0x0000000704f00000|  0%| F|  |TAMS 0x0000000704e00000, 0x0000000704e00000| Untracked 
|  63|0x0000000704f00000, 0x0000000704f00000, 0x0000000705000000|  0%| F|  |TAMS 0x0000000704f00000, 0x0000000704f00000| Untracked 
|  64|0x0000000705000000, 0x0000000705000000, 0x0000000705100000|  0%| F|  |TAMS 0x0000000705000000, 0x0000000705000000| Untracked 
|  65|0x0000000705100000, 0x0000000705100000, 0x0000000705200000|  0%| F|  |TAMS 0x0000000705100000, 0x0000000705100000| Untracked 
|  66|0x0000000705200000, 0x0000000705200000, 0x0000000705300000|  0%| F|  |TAMS 0x0000000705200000, 0x0000000705200000| Untracked 
|  67|0x0000000705300000, 0x0000000705300000, 0x0000000705400000|  0%| F|  |TAMS 0x0000000705300000, 0x0000000705300000| Untracked 
|  68|0x0000000705400000, 0x0000000705400000, 0x0000000705500000|  0%| F|  |TAMS 0x0000000705400000, 0x0000000705400000| Untracked 
|  69|0x0000000705500000, 0x0000000705500000, 0x0000000705600000|  0%| F|  |TAMS 0x0000000705500000, 0x0000000705500000| Untracked 
|  70|0x0000000705600000, 0x0000000705600000, 0x0000000705700000|  0%| F|  |TAMS 0x0000000705600000, 0x0000000705600000| Untracked 
|  71|0x0000000705700000, 0x0000000705700000, 0x0000000705800000|  0%| F|  |TAMS 0x0000000705700000, 0x0000000705700000| Untracked 
|  72|0x0000000705800000, 0x0000000705800000, 0x0000000705900000|  0%| F|  |TAMS 0x0000000705800000, 0x0000000705800000| Untracked 
|  73|0x0000000705900000, 0x0000000705900000, 0x0000000705a00000|  0%| F|  |TAMS 0x0000000705900000, 0x0000000705900000| Untracked 
|  74|0x0000000705a00000, 0x0000000705a00000, 0x0000000705b00000|  0%| F|  |TAMS 0x0000000705a00000, 0x0000000705a00000| Untracked 
|  75|0x0000000705b00000, 0x0000000705b00000, 0x0000000705c00000|  0%| F|  |TAMS 0x0000000705b00000, 0x0000000705b00000| Untracked 
|  76|0x0000000705c00000, 0x0000000705c00000, 0x0000000705d00000|  0%| F|  |TAMS 0x0000000705c00000, 0x0000000705c00000| Untracked 
|  77|0x0000000705d00000, 0x0000000705d00000, 0x0000000705e00000|  0%| F|  |TAMS 0x0000000705d00000, 0x0000000705d00000| Untracked 
|  78|0x0000000705e00000, 0x0000000705e00000, 0x0000000705f00000|  0%| F|  |TAMS 0x0000000705e00000, 0x0000000705e00000| Untracked 
|  79|0x0000000705f00000, 0x0000000705f00000, 0x0000000706000000|  0%| F|  |TAMS 0x0000000705f00000, 0x0000000705f00000| Untracked 
|  80|0x0000000706000000, 0x0000000706000000, 0x0000000706100000|  0%| F|  |TAMS 0x0000000706000000, 0x0000000706000000| Untracked 
|  81|0x0000000706100000, 0x0000000706100000, 0x0000000706200000|  0%| F|  |TAMS 0x0000000706100000, 0x0000000706100000| Untracked 
|  82|0x0000000706200000, 0x0000000706200000, 0x0000000706300000|  0%| F|  |TAMS 0x0000000706200000, 0x0000000706200000| Untracked 
|  83|0x0000000706300000, 0x0000000706300000, 0x0000000706400000|  0%| F|  |TAMS 0x0000000706300000, 0x0000000706300000| Untracked 
|  84|0x0000000706400000, 0x0000000706400000, 0x0000000706500000|  0%| F|  |TAMS 0x0000000706400000, 0x0000000706400000| Untracked 
|  85|0x0000000706500000, 0x0000000706500000, 0x0000000706600000|  0%| F|  |TAMS 0x0000000706500000, 0x0000000706500000| Untracked 
|  86|0x0000000706600000, 0x0000000706600000, 0x0000000706700000|  0%| F|  |TAMS 0x0000000706600000, 0x0000000706600000| Untracked 
|  87|0x0000000706700000, 0x0000000706700000, 0x0000000706800000|  0%| F|  |TAMS 0x0000000706700000, 0x0000000706700000| Untracked 
|  88|0x0000000706800000, 0x0000000706800000, 0x0000000706900000|  0%| F|  |TAMS 0x0000000706800000, 0x0000000706800000| Untracked 
|  89|0x0000000706900000, 0x0000000706900000, 0x0000000706a00000|  0%| F|  |TAMS 0x0000000706900000, 0x0000000706900000| Untracked 
|  90|0x0000000706a00000, 0x0000000706a00000, 0x0000000706b00000|  0%| F|  |TAMS 0x0000000706a00000, 0x0000000706a00000| Untracked 
|  91|0x0000000706b00000, 0x0000000706b00000, 0x0000000706c00000|  0%| F|  |TAMS 0x0000000706b00000, 0x0000000706b00000| Untracked 
|  92|0x0000000706c00000, 0x0000000706c00000, 0x0000000706d00000|  0%| F|  |TAMS 0x0000000706c00000, 0x0000000706c00000| Untracked 
|  93|0x0000000706d00000, 0x0000000706d00000, 0x0000000706e00000|  0%| F|  |TAMS 0x0000000706d00000, 0x0000000706d00000| Untracked 
|  94|0x0000000706e00000, 0x0000000706e00000, 0x0000000706f00000|  0%| F|  |TAMS 0x0000000706e00000, 0x0000000706e00000| Untracked 
|  95|0x0000000706f00000, 0x0000000706f00000, 0x0000000707000000|  0%| F|  |TAMS 0x0000000706f00000, 0x0000000706f00000| Untracked 
|  96|0x0000000707000000, 0x0000000707000000, 0x0000000707100000|  0%| F|  |TAMS 0x0000000707000000, 0x0000000707000000| Untracked 
|  97|0x0000000707100000, 0x0000000707100000, 0x0000000707200000|  0%| F|  |TAMS 0x0000000707100000, 0x0000000707100000| Untracked 
|  98|0x0000000707200000, 0x0000000707200000, 0x0000000707300000|  0%| F|  |TAMS 0x0000000707200000, 0x0000000707200000| Untracked 
|  99|0x0000000707300000, 0x0000000707300000, 0x0000000707400000|  0%| F|  |TAMS 0x0000000707300000, 0x0000000707300000| Untracked 
| 100|0x0000000707400000, 0x0000000707400000, 0x0000000707500000|  0%| F|  |TAMS 0x0000000707400000, 0x0000000707400000| Untracked 
| 101|0x0000000707500000, 0x0000000707500000, 0x0000000707600000|  0%| F|  |TAMS 0x0000000707500000, 0x0000000707500000| Untracked 
| 102|0x0000000707600000, 0x0000000707600000, 0x0000000707700000|  0%| F|  |TAMS 0x0000000707600000, 0x0000000707600000| Untracked 
| 103|0x0000000707700000, 0x0000000707700000, 0x0000000707800000|  0%| F|  |TAMS 0x0000000707700000, 0x0000000707700000| Untracked 
| 104|0x0000000707800000, 0x0000000707800000, 0x0000000707900000|  0%| F|  |TAMS 0x0000000707800000, 0x0000000707800000| Untracked 
| 105|0x0000000707900000, 0x0000000707900000, 0x0000000707a00000|  0%| F|  |TAMS 0x0000000707900000, 0x0000000707900000| Untracked 
| 106|0x0000000707a00000, 0x0000000707a00000, 0x0000000707b00000|  0%| F|  |TAMS 0x0000000707a00000, 0x0000000707a00000| Untracked 
| 107|0x0000000707b00000, 0x0000000707b00000, 0x0000000707c00000|  0%| F|  |TAMS 0x0000000707b00000, 0x0000000707b00000| Untracked 
| 108|0x0000000707c00000, 0x0000000707c00000, 0x0000000707d00000|  0%| F|  |TAMS 0x0000000707c00000, 0x0000000707c00000| Untracked 
| 109|0x0000000707d00000, 0x0000000707d00000, 0x0000000707e00000|  0%| F|  |TAMS 0x0000000707d00000, 0x0000000707d00000| Untracked 
| 110|0x0000000707e00000, 0x0000000707e00000, 0x0000000707f00000|  0%| F|  |TAMS 0x0000000707e00000, 0x0000000707e00000| Untracked 
| 111|0x0000000707f00000, 0x0000000707f00000, 0x0000000708000000|  0%| F|  |TAMS 0x0000000707f00000, 0x0000000707f00000| Untracked 
| 112|0x0000000708000000, 0x0000000708000000, 0x0000000708100000|  0%| F|  |TAMS 0x0000000708000000, 0x0000000708000000| Untracked 
| 113|0x0000000708100000, 0x0000000708100000, 0x0000000708200000|  0%| F|  |TAMS 0x0000000708100000, 0x0000000708100000| Untracked 
| 114|0x0000000708200000, 0x0000000708200000, 0x0000000708300000|  0%| F|  |TAMS 0x0000000708200000, 0x0000000708200000| Untracked 
| 115|0x0000000708300000, 0x0000000708300000, 0x0000000708400000|  0%| F|  |TAMS 0x0000000708300000, 0x0000000708300000| Untracked 
| 116|0x0000000708400000, 0x0000000708400000, 0x0000000708500000|  0%| F|  |TAMS 0x0000000708400000, 0x0000000708400000| Untracked 
| 117|0x0000000708500000, 0x0000000708500000, 0x0000000708600000|  0%| F|  |TAMS 0x0000000708500000, 0x0000000708500000| Untracked 
| 118|0x0000000708600000, 0x0000000708600000, 0x0000000708700000|  0%| F|  |TAMS 0x0000000708600000, 0x0000000708600000| Untracked 
| 119|0x0000000708700000, 0x0000000708700000, 0x0000000708800000|  0%| F|  |TAMS 0x0000000708700000, 0x0000000708700000| Untracked 
| 120|0x0000000708800000, 0x0000000708800000, 0x0000000708900000|  0%| F|  |TAMS 0x0000000708800000, 0x0000000708800000| Untracked 
| 121|0x0000000708900000, 0x0000000708900000, 0x0000000708a00000|  0%| F|  |TAMS 0x0000000708900000, 0x0000000708900000| Untracked 
| 122|0x0000000708a00000, 0x0000000708a00000, 0x0000000708b00000|  0%| F|  |TAMS 0x0000000708a00000, 0x0000000708a00000| Untracked 
| 123|0x0000000708b00000, 0x0000000708b00000, 0x0000000708c00000|  0%| F|  |TAMS 0x0000000708b00000, 0x0000000708b00000| Untracked 
| 124|0x0000000708c00000, 0x0000000708c00000, 0x0000000708d00000|  0%| F|  |TAMS 0x0000000708c00000, 0x0000000708c00000| Untracked 
| 125|0x0000000708d00000, 0x0000000708d00000, 0x0000000708e00000|  0%| F|  |TAMS 0x0000000708d00000, 0x0000000708d00000| Untracked 
| 126|0x0000000708e00000, 0x0000000708e00000, 0x0000000708f00000|  0%| F|  |TAMS 0x0000000708e00000, 0x0000000708e00000| Untracked 
| 127|0x0000000708f00000, 0x0000000708f00000, 0x0000000709000000|  0%| F|  |TAMS 0x0000000708f00000, 0x0000000708f00000| Untracked 
| 128|0x0000000709000000, 0x0000000709000000, 0x0000000709100000|  0%| F|  |TAMS 0x0000000709000000, 0x0000000709000000| Untracked 
| 129|0x0000000709100000, 0x0000000709100000, 0x0000000709200000|  0%| F|  |TAMS 0x0000000709100000, 0x0000000709100000| Untracked 
| 130|0x0000000709200000, 0x0000000709200000, 0x0000000709300000|  0%| F|  |TAMS 0x0000000709200000, 0x0000000709200000| Untracked 
| 131|0x0000000709300000, 0x0000000709300000, 0x0000000709400000|  0%| F|  |TAMS 0x0000000709300000, 0x0000000709300000| Untracked 
| 132|0x0000000709400000, 0x0000000709400000, 0x0000000709500000|  0%| F|  |TAMS 0x0000000709400000, 0x0000000709400000| Untracked 
| 133|0x0000000709500000, 0x0000000709500000, 0x0000000709600000|  0%| F|  |TAMS 0x0000000709500000, 0x0000000709500000| Untracked 
| 134|0x0000000709600000, 0x0000000709600000, 0x0000000709700000|  0%| F|  |TAMS 0x0000000709600000, 0x0000000709600000| Untracked 
| 135|0x0000000709700000, 0x0000000709700000, 0x0000000709800000|  0%| F|  |TAMS 0x0000000709700000, 0x0000000709700000| Untracked 
| 136|0x0000000709800000, 0x0000000709800000, 0x0000000709900000|  0%| F|  |TAMS 0x0000000709800000, 0x0000000709800000| Untracked 
| 137|0x0000000709900000, 0x0000000709900000, 0x0000000709a00000|  0%| F|  |TAMS 0x0000000709900000, 0x0000000709900000| Untracked 
| 138|0x0000000709a00000, 0x0000000709a00000, 0x0000000709b00000|  0%| F|  |TAMS 0x0000000709a00000, 0x0000000709a00000| Untracked 
| 139|0x0000000709b00000, 0x0000000709b00000, 0x0000000709c00000|  0%| F|  |TAMS 0x0000000709b00000, 0x0000000709b00000| Untracked 
| 140|0x0000000709c00000, 0x0000000709c00000, 0x0000000709d00000|  0%| F|  |TAMS 0x0000000709c00000, 0x0000000709c00000| Untracked 
| 141|0x0000000709d00000, 0x0000000709d00000, 0x0000000709e00000|  0%| F|  |TAMS 0x0000000709d00000, 0x0000000709d00000| Untracked 
| 142|0x0000000709e00000, 0x0000000709e00000, 0x0000000709f00000|  0%| F|  |TAMS 0x0000000709e00000, 0x0000000709e00000| Untracked 
| 143|0x0000000709f00000, 0x0000000709f00000, 0x000000070a000000|  0%| F|  |TAMS 0x0000000709f00000, 0x0000000709f00000| Untracked 
| 144|0x000000070a000000, 0x000000070a000000, 0x000000070a100000|  0%| F|  |TAMS 0x000000070a000000, 0x000000070a000000| Untracked 
| 145|0x000000070a100000, 0x000000070a100000, 0x000000070a200000|  0%| F|  |TAMS 0x000000070a100000, 0x000000070a100000| Untracked 
| 146|0x000000070a200000, 0x000000070a200000, 0x000000070a300000|  0%| F|  |TAMS 0x000000070a200000, 0x000000070a200000| Untracked 
| 147|0x000000070a300000, 0x000000070a300000, 0x000000070a400000|  0%| F|  |TAMS 0x000000070a300000, 0x000000070a300000| Untracked 
| 148|0x000000070a400000, 0x000000070a400000, 0x000000070a500000|  0%| F|  |TAMS 0x000000070a400000, 0x000000070a400000| Untracked 
| 149|0x000000070a500000, 0x000000070a500000, 0x000000070a600000|  0%| F|  |TAMS 0x000000070a500000, 0x000000070a500000| Untracked 
| 150|0x000000070a600000, 0x000000070a600000, 0x000000070a700000|  0%| F|  |TAMS 0x000000070a600000, 0x000000070a600000| Untracked 
| 151|0x000000070a700000, 0x000000070a700000, 0x000000070a800000|  0%| F|  |TAMS 0x000000070a700000, 0x000000070a700000| Untracked 
| 152|0x000000070a800000, 0x000000070a800000, 0x000000070a900000|  0%| F|  |TAMS 0x000000070a800000, 0x000000070a800000| Untracked 
| 153|0x000000070a900000, 0x000000070a900000, 0x000000070aa00000|  0%| F|  |TAMS 0x000000070a900000, 0x000000070a900000| Untracked 
| 154|0x000000070aa00000, 0x000000070aa00000, 0x000000070ab00000|  0%| F|  |TAMS 0x000000070aa00000, 0x000000070aa00000| Untracked 
| 155|0x000000070ab00000, 0x000000070ab00000, 0x000000070ac00000|  0%| F|  |TAMS 0x000000070ab00000, 0x000000070ab00000| Untracked 
| 156|0x000000070ac00000, 0x000000070ac00000, 0x000000070ad00000|  0%| F|  |TAMS 0x000000070ac00000, 0x000000070ac00000| Untracked 
| 157|0x000000070ad00000, 0x000000070ad00000, 0x000000070ae00000|  0%| F|  |TAMS 0x000000070ad00000, 0x000000070ad00000| Untracked 
| 158|0x000000070ae00000, 0x000000070ae00000, 0x000000070af00000|  0%| F|  |TAMS 0x000000070ae00000, 0x000000070ae00000| Untracked 
| 159|0x000000070af00000, 0x000000070af00000, 0x000000070b000000|  0%| F|  |TAMS 0x000000070af00000, 0x000000070af00000| Untracked 
| 160|0x000000070b000000, 0x000000070b000000, 0x000000070b100000|  0%| F|  |TAMS 0x000000070b000000, 0x000000070b000000| Untracked 
| 161|0x000000070b100000, 0x000000070b100000, 0x000000070b200000|  0%| F|  |TAMS 0x000000070b100000, 0x000000070b100000| Untracked 
| 162|0x000000070b200000, 0x000000070b200000, 0x000000070b300000|  0%| F|  |TAMS 0x000000070b200000, 0x000000070b200000| Untracked 
| 163|0x000000070b300000, 0x000000070b300000, 0x000000070b400000|  0%| F|  |TAMS 0x000000070b300000, 0x000000070b300000| Untracked 
| 164|0x000000070b400000, 0x000000070b400000, 0x000000070b500000|  0%| F|  |TAMS 0x000000070b400000, 0x000000070b400000| Untracked 
| 165|0x000000070b500000, 0x000000070b500000, 0x000000070b600000|  0%| F|  |TAMS 0x000000070b500000, 0x000000070b500000| Untracked 
| 166|0x000000070b600000, 0x000000070b600000, 0x000000070b700000|  0%| F|  |TAMS 0x000000070b600000, 0x000000070b600000| Untracked 
| 167|0x000000070b700000, 0x000000070b700000, 0x000000070b800000|  0%| F|  |TAMS 0x000000070b700000, 0x000000070b700000| Untracked 
| 168|0x000000070b800000, 0x000000070b800000, 0x000000070b900000|  0%| F|  |TAMS 0x000000070b800000, 0x000000070b800000| Untracked 
| 169|0x000000070b900000, 0x000000070b900000, 0x000000070ba00000|  0%| F|  |TAMS 0x000000070b900000, 0x000000070b900000| Untracked 
| 170|0x000000070ba00000, 0x000000070ba00000, 0x000000070bb00000|  0%| F|  |TAMS 0x000000070ba00000, 0x000000070ba00000| Untracked 
| 171|0x000000070bb00000, 0x000000070bb00000, 0x000000070bc00000|  0%| F|  |TAMS 0x000000070bb00000, 0x000000070bb00000| Untracked 
| 172|0x000000070bc00000, 0x000000070bc00000, 0x000000070bd00000|  0%| F|  |TAMS 0x000000070bc00000, 0x000000070bc00000| Untracked 
| 173|0x000000070bd00000, 0x000000070bd00000, 0x000000070be00000|  0%| F|  |TAMS 0x000000070bd00000, 0x000000070bd00000| Untracked 
| 174|0x000000070be00000, 0x000000070be00000, 0x000000070bf00000|  0%| F|  |TAMS 0x000000070be00000, 0x000000070be00000| Untracked 
| 175|0x000000070bf00000, 0x000000070bf00000, 0x000000070c000000|  0%| F|  |TAMS 0x000000070bf00000, 0x000000070bf00000| Untracked 
| 176|0x000000070c000000, 0x000000070c000000, 0x000000070c100000|  0%| F|  |TAMS 0x000000070c000000, 0x000000070c000000| Untracked 
| 177|0x000000070c100000, 0x000000070c100000, 0x000000070c200000|  0%| F|  |TAMS 0x000000070c100000, 0x000000070c100000| Untracked 
| 178|0x000000070c200000, 0x000000070c200000, 0x000000070c300000|  0%| F|  |TAMS 0x000000070c200000, 0x000000070c200000| Untracked 
| 179|0x000000070c300000, 0x000000070c300000, 0x000000070c400000|  0%| F|  |TAMS 0x000000070c300000, 0x000000070c300000| Untracked 
| 180|0x000000070c400000, 0x000000070c400000, 0x000000070c500000|  0%| F|  |TAMS 0x000000070c400000, 0x000000070c400000| Untracked 
| 181|0x000000070c500000, 0x000000070c500000, 0x000000070c600000|  0%| F|  |TAMS 0x000000070c500000, 0x000000070c500000| Untracked 
| 182|0x000000070c600000, 0x000000070c600000, 0x000000070c700000|  0%| F|  |TAMS 0x000000070c600000, 0x000000070c600000| Untracked 
| 183|0x000000070c700000, 0x000000070c700000, 0x000000070c800000|  0%| F|  |TAMS 0x000000070c700000, 0x000000070c700000| Untracked 
| 184|0x000000070c800000, 0x000000070c800000, 0x000000070c900000|  0%| F|  |TAMS 0x000000070c800000, 0x000000070c800000| Untracked 
| 185|0x000000070c900000, 0x000000070c900000, 0x000000070ca00000|  0%| F|  |TAMS 0x000000070c900000, 0x000000070c900000| Untracked 
| 186|0x000000070ca00000, 0x000000070ca00000, 0x000000070cb00000|  0%| F|  |TAMS 0x000000070ca00000, 0x000000070ca00000| Untracked 
| 187|0x000000070cb00000, 0x000000070cb00000, 0x000000070cc00000|  0%| F|  |TAMS 0x000000070cb00000, 0x000000070cb00000| Untracked 
| 188|0x000000070cc00000, 0x000000070cc00000, 0x000000070cd00000|  0%| F|  |TAMS 0x000000070cc00000, 0x000000070cc00000| Untracked 
| 189|0x000000070cd00000, 0x000000070cd00000, 0x000000070ce00000|  0%| F|  |TAMS 0x000000070cd00000, 0x000000070cd00000| Untracked 
| 190|0x000000070ce00000, 0x000000070ce00000, 0x000000070cf00000|  0%| F|  |TAMS 0x000000070ce00000, 0x000000070ce00000| Untracked 
| 191|0x000000070cf00000, 0x000000070cf00000, 0x000000070d000000|  0%| F|  |TAMS 0x000000070cf00000, 0x000000070cf00000| Untracked 
| 192|0x000000070d000000, 0x000000070d000000, 0x000000070d100000|  0%| F|  |TAMS 0x000000070d000000, 0x000000070d000000| Untracked 
| 193|0x000000070d100000, 0x000000070d100000, 0x000000070d200000|  0%| F|  |TAMS 0x000000070d100000, 0x000000070d100000| Untracked 
| 194|0x000000070d200000, 0x000000070d200000, 0x000000070d300000|  0%| F|  |TAMS 0x000000070d200000, 0x000000070d200000| Untracked 
| 195|0x000000070d300000, 0x000000070d300000, 0x000000070d400000|  0%| F|  |TAMS 0x000000070d300000, 0x000000070d300000| Untracked 
| 196|0x000000070d400000, 0x000000070d400000, 0x000000070d500000|  0%| F|  |TAMS 0x000000070d400000, 0x000000070d400000| Untracked 
| 197|0x000000070d500000, 0x000000070d500000, 0x000000070d600000|  0%| F|  |TAMS 0x000000070d500000, 0x000000070d500000| Untracked 
| 198|0x000000070d600000, 0x000000070d600000, 0x000000070d700000|  0%| F|  |TAMS 0x000000070d600000, 0x000000070d600000| Untracked 
| 199|0x000000070d700000, 0x000000070d700000, 0x000000070d800000|  0%| F|  |TAMS 0x000000070d700000, 0x000000070d700000| Untracked 
| 200|0x000000070d800000, 0x000000070d800000, 0x000000070d900000|  0%| F|  |TAMS 0x000000070d800000, 0x000000070d800000| Untracked 
| 201|0x000000070d900000, 0x000000070d900000, 0x000000070da00000|  0%| F|  |TAMS 0x000000070d900000, 0x000000070d900000| Untracked 
| 202|0x000000070da00000, 0x000000070da00000, 0x000000070db00000|  0%| F|  |TAMS 0x000000070da00000, 0x000000070da00000| Untracked 
| 203|0x000000070db00000, 0x000000070db00000, 0x000000070dc00000|  0%| F|  |TAMS 0x000000070db00000, 0x000000070db00000| Untracked 
| 204|0x000000070dc00000, 0x000000070dc00000, 0x000000070dd00000|  0%| F|  |TAMS 0x000000070dc00000, 0x000000070dc00000| Untracked 
| 205|0x000000070dd00000, 0x000000070dd00000, 0x000000070de00000|  0%| F|  |TAMS 0x000000070dd00000, 0x000000070dd00000| Untracked 
| 206|0x000000070de00000, 0x000000070de00000, 0x000000070df00000|  0%| F|  |TAMS 0x000000070de00000, 0x000000070de00000| Untracked 
| 207|0x000000070df00000, 0x000000070df00000, 0x000000070e000000|  0%| F|  |TAMS 0x000000070df00000, 0x000000070df00000| Untracked 
| 208|0x000000070e000000, 0x000000070e000000, 0x000000070e100000|  0%| F|  |TAMS 0x000000070e000000, 0x000000070e000000| Untracked 
| 209|0x000000070e100000, 0x000000070e100000, 0x000000070e200000|  0%| F|  |TAMS 0x000000070e100000, 0x000000070e100000| Untracked 
| 210|0x000000070e200000, 0x000000070e200000, 0x000000070e300000|  0%| F|  |TAMS 0x000000070e200000, 0x000000070e200000| Untracked 
| 211|0x000000070e300000, 0x000000070e300000, 0x000000070e400000|  0%| F|  |TAMS 0x000000070e300000, 0x000000070e300000| Untracked 
| 212|0x000000070e400000, 0x000000070e400000, 0x000000070e500000|  0%| F|  |TAMS 0x000000070e400000, 0x000000070e400000| Untracked 
| 213|0x000000070e500000, 0x000000070e500000, 0x000000070e600000|  0%| F|  |TAMS 0x000000070e500000, 0x000000070e500000| Untracked 
| 214|0x000000070e600000, 0x000000070e600000, 0x000000070e700000|  0%| F|  |TAMS 0x000000070e600000, 0x000000070e600000| Untracked 
| 215|0x000000070e700000, 0x000000070e700000, 0x000000070e800000|  0%| F|  |TAMS 0x000000070e700000, 0x000000070e700000| Untracked 
| 216|0x000000070e800000, 0x000000070e800000, 0x000000070e900000|  0%| F|  |TAMS 0x000000070e800000, 0x000000070e800000| Untracked 
| 217|0x000000070e900000, 0x000000070e900000, 0x000000070ea00000|  0%| F|  |TAMS 0x000000070e900000, 0x000000070e900000| Untracked 
| 218|0x000000070ea00000, 0x000000070ea00000, 0x000000070eb00000|  0%| F|  |TAMS 0x000000070ea00000, 0x000000070ea00000| Untracked 
| 219|0x000000070eb00000, 0x000000070eb00000, 0x000000070ec00000|  0%| F|  |TAMS 0x000000070eb00000, 0x000000070eb00000| Untracked 
| 220|0x000000070ec00000, 0x000000070ec00000, 0x000000070ed00000|  0%| F|  |TAMS 0x000000070ec00000, 0x000000070ec00000| Untracked 
| 221|0x000000070ed00000, 0x000000070ed00000, 0x000000070ee00000|  0%| F|  |TAMS 0x000000070ed00000, 0x000000070ed00000| Untracked 
| 222|0x000000070ee00000, 0x000000070ee00000, 0x000000070ef00000|  0%| F|  |TAMS 0x000000070ee00000, 0x000000070ee00000| Untracked 
| 223|0x000000070ef00000, 0x000000070ef00000, 0x000000070f000000|  0%| F|  |TAMS 0x000000070ef00000, 0x000000070ef00000| Untracked 
| 224|0x000000070f000000, 0x000000070f000000, 0x000000070f100000|  0%| F|  |TAMS 0x000000070f000000, 0x000000070f000000| Untracked 
| 225|0x000000070f100000, 0x000000070f100000, 0x000000070f200000|  0%| F|  |TAMS 0x000000070f100000, 0x000000070f100000| Untracked 
| 226|0x000000070f200000, 0x000000070f200000, 0x000000070f300000|  0%| F|  |TAMS 0x000000070f200000, 0x000000070f200000| Untracked 
| 227|0x000000070f300000, 0x000000070f300000, 0x000000070f400000|  0%| F|  |TAMS 0x000000070f300000, 0x000000070f300000| Untracked 
| 228|0x000000070f400000, 0x000000070f400000, 0x000000070f500000|  0%| F|  |TAMS 0x000000070f400000, 0x000000070f400000| Untracked 
| 229|0x000000070f500000, 0x000000070f500000, 0x000000070f600000|  0%| F|  |TAMS 0x000000070f500000, 0x000000070f500000| Untracked 
| 230|0x000000070f600000, 0x000000070f600000, 0x000000070f700000|  0%| F|  |TAMS 0x000000070f600000, 0x000000070f600000| Untracked 
| 231|0x000000070f700000, 0x000000070f700000, 0x000000070f800000|  0%| F|  |TAMS 0x000000070f700000, 0x000000070f700000| Untracked 
| 232|0x000000070f800000, 0x000000070f800000, 0x000000070f900000|  0%| F|  |TAMS 0x000000070f800000, 0x000000070f800000| Untracked 
| 233|0x000000070f900000, 0x000000070f900000, 0x000000070fa00000|  0%| F|  |TAMS 0x000000070f900000, 0x000000070f900000| Untracked 
| 234|0x000000070fa00000, 0x000000070fa00000, 0x000000070fb00000|  0%| F|  |TAMS 0x000000070fa00000, 0x000000070fa00000| Untracked 
| 235|0x000000070fb00000, 0x000000070fb00000, 0x000000070fc00000|  0%| F|  |TAMS 0x000000070fb00000, 0x000000070fb00000| Untracked 
| 236|0x000000070fc00000, 0x000000070fc00000, 0x000000070fd00000|  0%| F|  |TAMS 0x000000070fc00000, 0x000000070fc00000| Untracked 
| 237|0x000000070fd00000, 0x000000070fd00000, 0x000000070fe00000|  0%| F|  |TAMS 0x000000070fd00000, 0x000000070fd00000| Untracked 
| 238|0x000000070fe00000, 0x000000070fe00000, 0x000000070ff00000|  0%| F|  |TAMS 0x000000070fe00000, 0x000000070fe00000| Untracked 
| 239|0x000000070ff00000, 0x000000070ff00000, 0x0000000710000000|  0%| F|  |TAMS 0x000000070ff00000, 0x000000070ff00000| Untracked 
| 240|0x0000000710000000, 0x0000000710000000, 0x0000000710100000|  0%| F|  |TAMS 0x0000000710000000, 0x0000000710000000| Untracked 
| 241|0x0000000710100000, 0x0000000710100000, 0x0000000710200000|  0%| F|  |TAMS 0x0000000710100000, 0x0000000710100000| Untracked 
| 242|0x0000000710200000, 0x0000000710200000, 0x0000000710300000|  0%| F|  |TAMS 0x0000000710200000, 0x0000000710200000| Untracked 
| 243|0x0000000710300000, 0x0000000710300000, 0x0000000710400000|  0%| F|  |TAMS 0x0000000710300000, 0x0000000710300000| Untracked 
| 244|0x0000000710400000, 0x0000000710400000, 0x0000000710500000|  0%| F|  |TAMS 0x0000000710400000, 0x0000000710400000| Untracked 
| 245|0x0000000710500000, 0x0000000710500000, 0x0000000710600000|  0%| F|  |TAMS 0x0000000710500000, 0x0000000710500000| Untracked 
| 246|0x0000000710600000, 0x0000000710600000, 0x0000000710700000|  0%| F|  |TAMS 0x0000000710600000, 0x0000000710600000| Untracked 
| 247|0x0000000710700000, 0x0000000710700000, 0x0000000710800000|  0%| F|  |TAMS 0x0000000710700000, 0x0000000710700000| Untracked 
| 248|0x0000000710800000, 0x0000000710800000, 0x0000000710900000|  0%| F|  |TAMS 0x0000000710800000, 0x0000000710800000| Untracked 
| 249|0x0000000710900000, 0x0000000710900000, 0x0000000710a00000|  0%| F|  |TAMS 0x0000000710900000, 0x0000000710900000| Untracked 
| 250|0x0000000710a00000, 0x0000000710a00000, 0x0000000710b00000|  0%| F|  |TAMS 0x0000000710a00000, 0x0000000710a00000| Untracked 
| 251|0x0000000710b00000, 0x0000000710be1cd0, 0x0000000710c00000| 88%| E|  |TAMS 0x0000000710b00000, 0x0000000710b00000| Complete 
| 252|0x0000000710c00000, 0x0000000710d00000, 0x0000000710d00000|100%| E|CS|TAMS 0x0000000710c00000, 0x0000000710c00000| Complete 
| 253|0x0000000710d00000, 0x0000000710e00000, 0x0000000710e00000|100%| E|CS|TAMS 0x0000000710d00000, 0x0000000710d00000| Complete 
| 254|0x0000000710e00000, 0x0000000710f00000, 0x0000000710f00000|100%| E|CS|TAMS 0x0000000710e00000, 0x0000000710e00000| Complete 
| 255|0x0000000710f00000, 0x0000000711000000, 0x0000000711000000|100%| E|CS|TAMS 0x0000000710f00000, 0x0000000710f00000| Complete 

Card table byte_map: [0x0000024ed7090000,0x0000024ed7890000] _byte_map_base: 0x0000024ed3888000

Marking Bits (Prev, Next): (CMBitMap*) 0x0000024ebea2d9f8, (CMBitMap*) 0x0000024ebea2da30
 Prev Bits: [0x0000024ed8090000, 0x0000024edc050000)
 Next Bits: [0x0000024edc050000, 0x0000024ee0010000)

Polling page: 0x0000024ebd1b0000

Metaspace:

Usage:
  Non-class:      7.69 MB capacity,     7.61 MB (>99%) used,    59.47 KB ( <1%) free+waste,    14.38 KB ( <1%) overhead. 
      Class:    931.00 KB capacity,   836.16 KB ( 90%) used,    87.77 KB (  9%) free+waste,     7.06 KB ( <1%) overhead. 
       Both:      8.60 MB capacity,     8.43 MB ( 98%) used,   147.24 KB (  2%) free+waste,    21.44 KB ( <1%) overhead. 

Virtual space:
  Non-class space:        8.00 MB reserved,       7.75 MB ( 97%) committed 
      Class space:        1.00 GB reserved,       1.00 MB ( <1%) committed 
             Both:        1.01 GB reserved,       8.75 MB ( <1%) committed 

Chunk freelists:
   Non-Class:  1.00 KB
       Class:  0 bytes
        Both:  1.00 KB

MaxMetaspaceSize: 17179869184.00 GB
CompressedClassSpaceSize: 1.00 GB

CodeHeap 'non-profiled nmethods': size=120064Kb used=128Kb max_used=128Kb free=119935Kb
 bounds [0x0000024eceb00000, 0x0000024eced70000, 0x0000024ed6040000]
CodeHeap 'profiled nmethods': size=120000Kb used=668Kb max_used=668Kb free=119331Kb
 bounds [0x0000024ec75d0000, 0x0000024ec7840000, 0x0000024eceb00000]
CodeHeap 'non-nmethods': size=5696Kb used=1098Kb max_used=1114Kb free=4598Kb
 bounds [0x0000024ec7040000, 0x0000024ec72b0000, 0x0000024ec75d0000]
 total_blobs=854 nmethods=447 adapters=319
 compilation: enabled
              stopped_count=0, restarted_count=0
 full_count=0

Compilation events (20 events):
Event: 0.193 Thread 0x0000024ee3282800 nmethod 437 0x0000024ec7671490 code [0x0000024ec7671640, 0x0000024ec7671798]
Event: 0.193 Thread 0x0000024ee3282800  438       3       java.lang.invoke.InvokerBytecodeGenerator::isStaticallyNameable (148 bytes)
Event: 0.194 Thread 0x0000024ee3282800 nmethod 438 0x0000024ec7671890 code [0x0000024ec7671da0, 0x0000024ec76745b8]
Event: 0.194 Thread 0x0000024ee3282800  439       3       jdk.internal.org.objectweb.asm.ByteVector::<init> (13 bytes)
Event: 0.194 Thread 0x0000024ee3282800 nmethod 439 0x0000024ec7675110 code [0x0000024ec76752c0, 0x0000024ec7675538]
Event: 0.194 Thread 0x0000024ee3282800  441       3       jdk.internal.org.objectweb.asm.ByteVector::putByteArray (49 bytes)
Event: 0.195 Thread 0x0000024ee3282800 nmethod 441 0x0000024ec7675610 code [0x0000024ec76757e0, 0x0000024ec7675ab8]
Event: 0.195 Thread 0x0000024ee3282800  435       3       java.lang.invoke.MethodHandle::<init> (37 bytes)
Event: 0.195 Thread 0x0000024ee3282800 nmethod 435 0x0000024ec7675c10 code [0x0000024ec7675e20, 0x0000024ec7676398]
Event: 0.195 Thread 0x0000024ee3282800  436       3       java.lang.invoke.LambdaForm::prepare (112 bytes)
Event: 0.195 Thread 0x0000024ee3282800 nmethod 436 0x0000024ec7676610 code [0x0000024ec7676840, 0x0000024ec7676e38]
Event: 0.195 Thread 0x0000024ee3282800  443       1       java.util.ArrayList::size (5 bytes)
Event: 0.195 Thread 0x0000024ee3282800 nmethod 443 0x0000024eceb1d710 code [0x0000024eceb1d8c0, 0x0000024eceb1d978]
Event: 0.199 Thread 0x0000024ee3270800 nmethod 409 0x0000024eceb1da10 code [0x0000024eceb1dc40, 0x0000024eceb1ee90]
Event: 0.199 Thread 0x0000024ee3270800  440       4       java.lang.StringLatin1::indexOf (61 bytes)
Event: 0.202 Thread 0x0000024ee3270800 nmethod 440 0x0000024eceb1f790 code [0x0000024eceb1f920, 0x0000024eceb1fb18]
Event: 0.202 Thread 0x0000024ee3270800  414       4       java.lang.Math::min (11 bytes)
Event: 0.202 Thread 0x0000024ee3270800 nmethod 414 0x0000024eceb1fc90 code [0x0000024eceb1fe20, 0x0000024eceb1fe78]
Event: 0.202 Thread 0x0000024ee3270800  424       4       java.util.Objects::requireNonNull (14 bytes)
Event: 0.202 Thread 0x0000024ee3270800 nmethod 424 0x0000024eceb1ff10 code [0x0000024eceb200a0, 0x0000024eceb200f8]

GC Heap History (0 events):
No events

Deoptimization events (8 events):
Event: 0.073 Thread 0x0000024ebe9c5000 Uncommon trap: trap_request=0xffffff4d fr.pc=0x0000024eceb04a04 relative=0x00000000000001e4
Event: 0.073 Thread 0x0000024ebe9c5000 Uncommon trap: reason=unstable_if action=reinterpret pc=0x0000024eceb04a04 method=java.lang.String.hashCode()I @ 14 c2
Event: 0.073 Thread 0x0000024ebe9c5000 DEOPT PACKING pc=0x0000024eceb04a04 sp=0x00000077215fd4a0
Event: 0.073 Thread 0x0000024ebe9c5000 DEOPT UNPACKING pc=0x0000024ec706772f sp=0x00000077215fd438 mode 2
Event: 0.130 Thread 0x0000024ebe9c5000 Uncommon trap: trap_request=0xffffff4d fr.pc=0x0000024eceb07dc0 relative=0x0000000000000080
Event: 0.130 Thread 0x0000024ebe9c5000 Uncommon trap: reason=unstable_if action=reinterpret pc=0x0000024eceb07dc0 method=java.lang.String.charAt(I)C @ 4 c2
Event: 0.130 Thread 0x0000024ebe9c5000 DEOPT PACKING pc=0x0000024eceb07dc0 sp=0x00000077215fb380
Event: 0.130 Thread 0x0000024ebe9c5000 DEOPT UNPACKING pc=0x0000024ec706772f sp=0x00000077215fb320 mode 2

Classes redefined (0 events):
No events

Internal exceptions (11 events):
Event: 0.103 Thread 0x0000024ebe9c5000 Exception <a 'java/lang/ClassNotFoundException'{0x0000000710ee9ff0}: sun/awt/resources/spi/awtProvider> (0x0000000710ee9ff0) thrown at [./src/hotspot/share/classfile/systemDictionary.cpp, line 231]
Event: 0.130 Thread 0x0000024ebe9c5000 Exception <a 'java/io/FileNotFoundException'{0x0000000710d83af8}> (0x0000000710d83af8) thrown at [./src/hotspot/share/prims/jni.cpp, line 615]
Event: 0.139 Thread 0x0000024ebe9c5000 Exception <a 'java/lang/NoSuchMethodError'{0x0000000710dde930}: 'java.lang.Object java.lang.invoke.DirectMethodHandle$Holder.invokeStatic(java.lang.Object, java.lang.Object, java.lang.Object, java.lang.Object, java.lang.Object, java.lang.Object, java.lang.Object, java.lang.Object, java.lang.Object, java.lang.Object, java.lang.Object, java.lang.Object, java.lang.Object, java.lang.Object, java.lang.Object)'> (0x0000000710dde930) thrown at [./src/hotspot/share/interpreter/linkResolver.cpp, line 773]
Event: 0.140 Thread 0x0000024ebe9c5000 Exception <a 'java/lang/NoSuchMethodError'{0x0000000710decd08}: 'java.lang.Object java.lang.invoke.DirectMethodHandle$Holder.invokeStatic(java.lang.Object, java.lang.Object, java.lang.Object, java.lang.Object, java.lang.Object, java.lang.Object, java.lang.Object, java.lang.Object, java.lang.Object, java.lang.Object, java.lang.Object, java.lang.Object, java.lang.Object, java.lang.Object, java.lang.Object, java.lang.Object)'> (0x0000000710decd08) thrown at [./src/hotspot/share/interpreter/linkResolver.cpp, l
Event: 0.141 Thread 0x0000024ebe9c5000 Exception <a 'java/lang/NoSuchMethodError'{0x0000000710dfa978}: 'java.lang.Object java.lang.invoke.DirectMethodHandle$Holder.invokeSpecial(java.lang.Object, java.lang.Object, int, int, java.lang.Object, java.lang.Object, java.lang.Object)'> (0x0000000710dfa978) thrown at [./src/hotspot/share/interpreter/linkResolver.cpp, line 773]
Event: 0.142 Thread 0x0000024ebe9c5000 Exception <a 'java/lang/NoSuchMethodError'{0x0000000710dfdf08}: 'java.lang.Object java.lang.invoke.DelegatingMethodHandle$Holder.reinvoke_L(java.lang.Object, int, int, java.lang.Object, java.lang.Object, java.lang.Object)'> (0x0000000710dfdf08) thrown at [./src/hotspot/share/interpreter/linkResolver.cpp, line 773]
Event: 0.142 Thread 0x0000024ebe9c5000 Exception <a 'java/lang/NoSuchMethodError'{0x0000000710c02688}: 'java.lang.Object java.lang.invoke.DirectMethodHandle$Holder.invokeStatic(java.lang.Object, java.lang.Object, java.lang.Object, java.lang.Object, int)'> (0x0000000710c02688) thrown at [./src/hotspot/share/interpreter/linkResolver.cpp, line 773]
Event: 0.148 Thread 0x0000024ebe9c5000 Exception <a 'java/io/FileNotFoundException'{0x0000000710c65500}> (0x0000000710c65500) thrown at [./src/hotspot/share/prims/jni.cpp, line 615]
Event: 0.190 Thread 0x0000024ee3927800 Exception <a 'java/lang/NoSuchMethodError'{0x0000000710b05390}: 'void java.lang.invoke.DirectMethodHandle$Holder.invokeSpecial(java.lang.Object, java.lang.Object)'> (0x0000000710b05390) thrown at [./src/hotspot/share/interpreter/linkResolver.cpp, line 773]
Event: 0.193 Thread 0x0000024ebe9c5000 Exception <a 'java/lang/NoSuchMethodError'{0x0000000710b89378}: 'java.lang.Object java.lang.invoke.DirectMethodHandle$Holder.invokeStatic(java.lang.Object, java.lang.Object, java.lang.Object, java.lang.Object, java.lang.Object, java.lang.Object, java.lang.Object, java.lang.Object, int)'> (0x0000000710b89378) thrown at [./src/hotspot/share/interpreter/linkResolver.cpp, line 773]
Event: 0.194 Thread 0x0000024ebe9c5000 Exception <a 'java/lang/NoSuchMethodError'{0x0000000710ba32d8}: 'java.lang.Object java.lang.invoke.DirectMethodHandle$Holder.invokeStatic(java.lang.Object, java.lang.Object, java.lang.Object, java.lang.Object, java.lang.Object, java.lang.Object, java.lang.Object, java.lang.Object, int, int)'> (0x0000000710ba32d8) thrown at [./src/hotspot/share/interpreter/linkResolver.cpp, line 773]

Events (20 events):
Event: 0.191 Executing VM operation: RevokeBias
Event: 0.191 Executing VM operation: RevokeBias done
Event: 0.192 loading class java/lang/invoke/BoundMethodHandle$Species_LLLLLI
Event: 0.192 loading class java/lang/invoke/BoundMethodHandle$Species_LLLLLI done
Event: 0.194 loading class java/lang/invoke/BoundMethodHandle$Species_LLLLLII
Event: 0.194 loading class java/lang/invoke/BoundMethodHandle$Species_LLLLLII done
Event: 0.227 loading class sun/java2d/d3d/D3DRenderQueue
Event: 0.227 loading class sun/java2d/pipe/RenderQueue
Event: 0.227 loading class sun/java2d/pipe/RenderQueue done
Event: 0.227 loading class sun/java2d/d3d/D3DRenderQueue done
Event: 0.227 loading class sun/java2d/pipe/RenderBuffer
Event: 0.227 loading class sun/java2d/pipe/RenderBuffer done
Event: 0.227 loading class sun/java2d/d3d/D3DRenderQueue$1
Event: 0.227 loading class sun/java2d/d3d/D3DRenderQueue$1 done
Event: 0.228 loading class java/lang/invoke/VarHandle$AccessDescriptor
Event: 0.228 loading class java/lang/invoke/VarHandle$AccessDescriptor done
Event: 0.228 loading class sun/java2d/d3d/D3DGraphicsDevice$1Result
Event: 0.228 loading class sun/java2d/d3d/D3DGraphicsDevice$1Result done
Event: 0.228 loading class sun/java2d/d3d/D3DGraphicsDevice$1
Event: 0.228 loading class sun/java2d/d3d/D3DGraphicsDevice$1 done


Dynamic libraries:
0x00007ff60b3c0000 - 0x00007ff60b3cd000 	C:\Users\jian\AppData\Local\Programs\AdoptOpenJDK\jdk-11.0.8.10-hotspot\bin\javaw.exe
0x00007ffbda7d0000 - 0x00007ffbda9c6000 	C:\Windows\SYSTEM32\ntdll.dll
0x00007ffbd8f60000 - 0x00007ffbd901d000 	C:\Windows\System32\KERNEL32.DLL
0x00007ffbd8570000 - 0x00007ffbd8838000 	C:\Windows\System32\KERNELBASE.dll
0x00007ffbd81b0000 - 0x00007ffbd82b0000 	C:\Windows\System32\ucrtbase.dll
0x00007ffbcc8f0000 - 0x00007ffbcc907000 	C:\Users\jian\AppData\Local\Programs\AdoptOpenJDK\jdk-11.0.8.10-hotspot\bin\jli.dll
0x00007ffbd8b60000 - 0x00007ffbd8d00000 	C:\Windows\System32\USER32.dll
0x00007ffbd8430000 - 0x00007ffbd8452000 	C:\Windows\System32\win32u.dll
0x00007ffbd9830000 - 0x00007ffbd985a000 	C:\Windows\System32\GDI32.dll
0x00007ffbd8460000 - 0x00007ffbd8569000 	C:\Windows\System32\gdi32full.dll
0x00007ffbd8390000 - 0x00007ffbd842d000 	C:\Windows\System32\msvcp_win.dll
0x00007ffbcc910000 - 0x00007ffbcc925000 	C:\Users\jian\AppData\Local\Programs\AdoptOpenJDK\jdk-11.0.8.10-hotspot\bin\VCRUNTIME140.dll
0x00007ffbce800000 - 0x00007ffbcea9b000 	C:\Windows\WinSxS\amd64_microsoft.windows.common-controls_6595b64144ccf1df_6.0.19041.488_none_ca04af081b815d21\COMCTL32.dll
0x00007ffbd8960000 - 0x00007ffbd89fe000 	C:\Windows\System32\msvcrt.dll
0x00007ffbd8b30000 - 0x00007ffbd8b60000 	C:\Windows\System32\IMM32.DLL
0x00007ffbcc850000 - 0x00007ffbcc8eb000 	C:\Users\jian\AppData\Local\Programs\AdoptOpenJDK\jdk-11.0.8.10-hotspot\bin\msvcp140.dll
0x00007ffb9afe0000 - 0x00007ffb9ba9d000 	C:\Users\jian\AppData\Local\Programs\AdoptOpenJDK\jdk-11.0.8.10-hotspot\bin\server\jvm.dll
0x00007ffbd8850000 - 0x00007ffbd88fa000 	C:\Windows\System32\ADVAPI32.dll
0x00007ffbd9770000 - 0x00007ffbd980b000 	C:\Windows\System32\sechost.dll
0x00007ffbd9550000 - 0x00007ffbd9674000 	C:\Windows\System32\RPCRT4.dll
0x00007ffbd9020000 - 0x00007ffbd9028000 	C:\Windows\System32\PSAPI.DLL
0x00007ffbcd280000 - 0x00007ffbcd289000 	C:\Windows\SYSTEM32\WSOCK32.dll
0x00007ffbcec80000 - 0x00007ffbceca7000 	C:\Windows\SYSTEM32\WINMM.dll
0x00007ffbd9700000 - 0x00007ffbd976b000 	C:\Windows\System32\WS2_32.dll
0x00007ffbd2b10000 - 0x00007ffbd2b1a000 	C:\Windows\SYSTEM32\VERSION.dll
0x00007ffbd5e90000 - 0x00007ffbd5ea2000 	C:\Windows\SYSTEM32\kernel.appcore.dll
0x00007ffbce700000 - 0x00007ffbce710000 	C:\Users\jian\AppData\Local\Programs\AdoptOpenJDK\jdk-11.0.8.10-hotspot\bin\verify.dll
0x00007ffbc42d0000 - 0x00007ffbc44b4000 	C:\Windows\SYSTEM32\DBGHELP.DLL
0x00007ffbc4030000 - 0x00007ffbc405c000 	C:\Windows\SYSTEM32\dbgcore.DLL
0x00007ffbd7f70000 - 0x00007ffbd7fef000 	C:\Windows\System32\bcryptPrimitives.dll
0x00007ffbcc820000 - 0x00007ffbcc848000 	C:\Users\jian\AppData\Local\Programs\AdoptOpenJDK\jdk-11.0.8.10-hotspot\bin\java.dll
0x00007ffbcc810000 - 0x00007ffbcc81a000 	C:\Users\jian\AppData\Local\Programs\AdoptOpenJDK\jdk-11.0.8.10-hotspot\bin\jimage.dll
0x00007ffbcc7f0000 - 0x00007ffbcc807000 	C:\Users\jian\AppData\Local\Programs\AdoptOpenJDK\jdk-11.0.8.10-hotspot\bin\zip.dll
0x00007ffbd9f80000 - 0x00007ffbda6c0000 	C:\Windows\System32\SHELL32.dll
0x00007ffbd6090000 - 0x00007ffbd6824000 	C:\Windows\SYSTEM32\windows.storage.dll
0x00007ffbd9a10000 - 0x00007ffbd9d65000 	C:\Windows\System32\combase.dll
0x00007ffbd7990000 - 0x00007ffbd79bc000 	C:\Windows\SYSTEM32\Wldp.dll
0x00007ffbd8eb0000 - 0x00007ffbd8f5e000 	C:\Windows\System32\SHCORE.dll
0x00007ffbd9ec0000 - 0x00007ffbd9f15000 	C:\Windows\System32\shlwapi.dll
0x00007ffbd7e50000 - 0x00007ffbd7e76000 	C:\Windows\SYSTEM32\profapi.dll
0x00007ffb9f5c0000 - 0x00007ffb9f759000 	C:\Users\jian\AppData\Local\Programs\AdoptOpenJDK\jdk-11.0.8.10-hotspot\bin\awt.dll
0x00007ffbda6c0000 - 0x00007ffbda78d000 	C:\Windows\System32\OLEAUT32.dll
0x00007ffbd5800000 - 0x00007ffbd5890000 	C:\Windows\SYSTEM32\apphelp.dll
0x00007ffbd5ba0000 - 0x00007ffbd5bcf000 	C:\Windows\system32\DWMAPI.DLL
0x00007ffbd59d0000 - 0x00007ffbd5a6f000 	C:\Windows\system32\uxtheme.dll
0x00007ffb9c070000 - 0x00007ffb9c195000 	C:\Windows\system32\opengl32.dll
0x00007ffbba110000 - 0x00007ffbba13c000 	C:\Windows\SYSTEM32\GLU32.dll
0x00007ffbd98f0000 - 0x00007ffbd9a05000 	C:\Windows\System32\MSCTF.dll
0x00007ffbd8a00000 - 0x00007ffbd8b2a000 	C:\Windows\System32\ole32.dll
0x00007ffbce510000 - 0x00007ffbce6de000 	C:\Windows\system32\d3d9.dll
0x00007ffbcf1a0000 - 0x00007ffbcf28e000 	C:\Windows\System32\DriverStore\FileRepository\nv_dispi.inf_amd64_90685a092bcf58c7\nvldumdx.dll
0x00007ffbd7ff0000 - 0x00007ffbd814d000 	C:\Windows\System32\crypt32.dll
0x00007ffbd8150000 - 0x00007ffbd81b0000 	C:\Windows\System32\WINTRUST.DLL
0x00007ffbd7b10000 - 0x00007ffbd7b22000 	C:\Windows\SYSTEM32\MSASN1.dll
0x00007ffbd9810000 - 0x00007ffbd982d000 	C:\Windows\System32\imagehlp.dll
0x00007ffbd78f0000 - 0x00007ffbd7908000 	C:\Windows\SYSTEM32\CRYPTSP.dll
0x00007ffbd7030000 - 0x00007ffbd7064000 	C:\Windows\system32\rsaenh.dll
0x00007ffbd82b0000 - 0x00007ffbd82d7000 	C:\Windows\System32\bcrypt.dll
0x00007ffbd78e0000 - 0x00007ffbd78ec000 	C:\Windows\SYSTEM32\CRYPTBASE.dll
0x00007ffb8e260000 - 0x00007ffb8f6fb000 	C:\Windows\System32\DriverStore\FileRepository\nv_dispi.inf_amd64_90685a092bcf58c7\nvd3dumx.dll

dbghelp: loaded successfully - version: 4.0.5 - missing functions: none
symbol engine: initialized successfully - sym options: 0x614 - pdb path: .;C:\Users\jian\AppData\Local\Programs\AdoptOpenJDK\jdk-11.0.8.10-hotspot\bin;C:\Windows\SYSTEM32;C:\Windows\WinSxS\amd64_microsoft.windows.common-controls_6595b64144ccf1df_6.0.19041.488_none_ca04af081b815d21;C:\Users\jian\AppData\Local\Programs\AdoptOpenJDK\jdk-11.0.8.10-hotspot\bin\server;C:\Windows\System32\DriverStore\FileRepository\nv_dispi.inf_amd64_90685a092bcf58c7

VM Arguments:
jvm_args: -Dfile.encoding=MS949 
java_command: package_0.Calcul
java_class_path (initial): C:\Users\jian\Desktop\jian\GitHub\My_eBook
Launcher Type: SUN_STANDARD

[Global flags]
     intx CICompilerCount                          = 3                                         {product} {ergonomic}
     uint ConcGCThreads                            = 2                                         {product} {ergonomic}
     uint G1ConcRefinementThreads                  = 6                                         {product} {ergonomic}
   size_t G1HeapRegionSize                         = 1048576                                   {product} {ergonomic}
    uintx GCDrainStackTargetSize                   = 64                                        {product} {ergonomic}
   size_t InitialHeapSize                          = 268435456                                 {product} {ergonomic}
   size_t MarkStackSize                            = 4194304                                   {product} {ergonomic}
   size_t MaxHeapSize                              = 4278190080                                {product} {ergonomic}
   size_t MaxNewSize                               = 2566914048                                {product} {ergonomic}
   size_t MinHeapDeltaBytes                        = 1048576                                   {product} {ergonomic}
    uintx NonNMethodCodeHeapSize                   = 5830732                                {pd product} {ergonomic}
    uintx NonProfiledCodeHeapSize                  = 122913754                              {pd product} {ergonomic}
    uintx ProfiledCodeHeapSize                     = 122913754                              {pd product} {ergonomic}
    uintx ReservedCodeCacheSize                    = 251658240                              {pd product} {ergonomic}
     bool SegmentedCodeCache                       = true                                      {product} {ergonomic}
     bool UseCompressedClassPointers               = true                                 {lp64_product} {ergonomic}
     bool UseCompressedOops                        = true                                 {lp64_product} {ergonomic}
     bool UseG1GC                                  = true                                      {product} {ergonomic}
     bool UseLargePagesIndividualAllocation        = false                                  {pd product} {ergonomic}

Logging:
Log output configuration:
 #0: stdout all=warning uptime,level,tags
 #1: stderr all=off uptime,level,tags

Environment Variables:
JAVA_HOME=C:\Users\jian\AppData\Local\Programs\AdoptOpenJDK\jdk-11.0.8.10-hotspot\
PATH=C:/Program Files/Java/jdk-14.0.2/bin/server;C:/Program Files/Java/jdk-14.0.2/bin;C:\Program Files (x86)\NAT Service;C:\Windows\system32;C:\Windows;C:\Windows\System32\Wbem;C:\Windows\System32\WindowsPowerShell\v1.0\;C:\Windows\System32\OpenSSH\;C:\Program Files\NVIDIA Corporation\NVIDIA NvDLISR;C:\Program Files\Java\jdk-14.0.2\bin;C:\Program Files\MySQL\MySQL Server 8.0\bin;C:\Program Files\Git\cmd;C:\Program Files\MySQL\MySQL Shell 8.0\bin\;C:\Users\jian\AppData\Local\Programs\AdoptOpenJDK\jdk-11.0.8.10-hotspot\bin;C:\Users\jian\AppData\Local\Programs\Python\Python39\Scripts\;C:\Users\jian\AppData\Local\Programs\Python\Python39\;C:\Users\jian\AppData\Local\Microsoft\WindowsApps;;C:\Users\jian\AppData\Local\Programs\Microsoft VS Code\bin;C:\Windows\System32;
USERNAME=jian
OS=Windows_NT
PROCESSOR_IDENTIFIER=Intel64 Family 6 Model 158 Stepping 10, GenuineIntel



---------------  S Y S T E M  ---------------

OS: Windows 10 , 64 bit Build 19041 (10.0.19041.546)
OS uptime: 5 days 16:29 hours

CPU:total 6 (initial active 6) (6 cores per cpu, 1 threads per core) family 6 model 158 stepping 10, cmov, cx8, fxsr, mmx, sse, sse2, sse3, ssse3, sse4.1, sse4.2, popcnt, avx, avx2, aes, clmul, erms, 3dnowpref, lzcnt, tsc, tscinvbit, bmi1, bmi2, adx, fma

Memory: 4k page, system-wide physical 16317M (6674M free)
TotalPageFile size 46054M (AvailPageFile size 3M)
current process WorkingSet (physical memory assigned to process): 58M, peak: 58M
current process commit charge ("private bytes"): 349M, peak: 349M

vm_info: OpenJDK 64-Bit Server VM (11.0.8+10) for windows-amd64 JRE (11.0.8+10), built on Jul 15 2020 11:45:54 by "" with MS VC++ 15.9 (VS2017)

END.
