#
# There is insufficient memory for the Java Runtime Environment to continue.
# Native memory allocation (mmap) failed to map 268435456 bytes for Failed to commit area from 0x0000000701000000 to 0x0000000711000000 of length 268435456.
# Possible reasons:
#   The system is out of physical RAM or swap space
#   The process is running with CompressedOops enabled, and the Java Heap may be blocking the growth of the native heap
# Possible solutions:
#   Reduce memory load on the system
#   Increase physical memory or swap space
#   Check if swap backing store is full
#   Decrease Java heap size (-Xmx/-Xms)
#   Decrease number of Java threads
#   Decrease Java thread stack sizes (-Xss)
#   Set larger code cache with -XX:ReservedCodeCacheSize=
# This output file may be truncated or incomplete.
#
#  Out of Memory Error (./src/hotspot/os/windows/os_windows.cpp:3303), pid=18428, tid=27700
#
# JRE version:  (11.0.8+10) (build )
# Java VM: OpenJDK 64-Bit Server VM (11.0.8+10, mixed mode, sharing, tiered, compressed oops, g1 gc, windows-amd64)
# No core dump will be written. Minidumps are not enabled by default on client versions of Windows
#

---------------  S U M M A R Y ------------

Command Line: -Dfile.encoding=MS949 package_0.Calcul

Host: Intel(R) Core(TM) i5-9400F CPU @ 2.90GHz, 6 cores, 15G,  Windows 10 , 64 bit Build 19041 (10.0.19041.546)
Time: Sun Nov 15 15:32:10 2020 대한민국 표준시 elapsed time: 0 seconds (0d 0h 0m 0s)

---------------  T H R E A D  ---------------

Current thread (0x000001f536bc7800):  JavaThread "Unknown thread" [_thread_in_vm, id=27700, stack(0x0000000bc4400000,0x0000000bc4500000)]

Stack: [0x0000000bc4400000,0x0000000bc4500000]
Native frames: (J=compiled Java code, j=interpreted, Vv=VM code, C=native code)
V  [jvm.dll+0x5dfa5a]
V  [jvm.dll+0x7175ce]
V  [jvm.dll+0x718c9f]
V  [jvm.dll+0x719363]
V  [jvm.dll+0x240e48]
V  [jvm.dll+0x5dccca]
V  [jvm.dll+0x5d1935]
V  [jvm.dll+0x2f650c]
V  [jvm.dll+0x2f6392]
V  [jvm.dll+0x2fb046]
V  [jvm.dll+0x33f06f]
V  [jvm.dll+0x33eaa0]
V  [jvm.dll+0x2d38d8]
V  [jvm.dll+0x2d4a26]
V  [jvm.dll+0x6f32c7]
V  [jvm.dll+0x6f4a4f]
V  [jvm.dll+0x34bdf9]
V  [jvm.dll+0x6d66d0]
V  [jvm.dll+0x3b32ef]
V  [jvm.dll+0x3b55a1]
C  [jli.dll+0x520b]
C  [ucrtbase.dll+0x214c2]
C  [KERNEL32.DLL+0x17034]
C  [ntdll.dll+0x4cec1]


---------------  P R O C E S S  ---------------

Threads class SMR info:
_java_thread_list=0x000001f5350b1290, length=0, elements={
}

Java Threads: ( => current thread )

Other Threads:
  0x000001f536be0800 GCTaskThread "GC Thread#0" [stack: 0x0000000bc4500000,0x0000000bc4600000] [id=13832]
  0x000001f536c3e800 ConcurrentGCThread "G1 Main Marker" [stack: 0x0000000bc4600000,0x0000000bc4700000] [id=27208]
  0x000001f536c41000 ConcurrentGCThread "G1 Conc#0" [stack: 0x0000000bc4700000,0x0000000bc4800000] [id=26308]

[error occurred during error reporting (printing all threads), id 0xc0000005, EXCEPTION_ACCESS_VIOLATION (0xc0000005) at pc=0x00007ffb9b2c2f27]

VM state:not at safepoint (not fully initialized)

VM Mutex/Monitor currently owned by a thread:  ([mutex/lock_event])
[0x000001f536bc7490] Heap_lock - owner thread: 0x000001f536bc7800

Heap address: 0x0000000701000000, size: 4080 MB, Compressed Oops mode: Non-zero based: 0x0000000701000000
Narrow klass base: 0x0000000000000000, Narrow klass shift: 0

GC Heap History (0 events):
No events

Deoptimization events (0 events):
No events

Classes redefined (0 events):
No events

Internal exceptions (0 events):
No events

Events (1 events):
Event: 0.006 Loaded shared library C:\Users\jian\AppData\Local\Programs\AdoptOpenJDK\jdk-11.0.8.10-hotspot\bin\zip.dll


Dynamic libraries:
0x00007ff60b3c0000 - 0x00007ff60b3cd000 	C:\Users\jian\AppData\Local\Programs\AdoptOpenJDK\jdk-11.0.8.10-hotspot\bin\javaw.exe
0x00007ffbda7d0000 - 0x00007ffbda9c6000 	C:\Windows\SYSTEM32\ntdll.dll
0x00007ffbd8f60000 - 0x00007ffbd901d000 	C:\Windows\System32\KERNEL32.DLL
0x00007ffbd8570000 - 0x00007ffbd8838000 	C:\Windows\System32\KERNELBASE.dll
0x00007ffbd81b0000 - 0x00007ffbd82b0000 	C:\Windows\System32\ucrtbase.dll
0x00007ffbcc910000 - 0x00007ffbcc925000 	C:\Users\jian\AppData\Local\Programs\AdoptOpenJDK\jdk-11.0.8.10-hotspot\bin\VCRUNTIME140.dll
0x00007ffbcc8f0000 - 0x00007ffbcc907000 	C:\Users\jian\AppData\Local\Programs\AdoptOpenJDK\jdk-11.0.8.10-hotspot\bin\jli.dll
0x00007ffbd8b60000 - 0x00007ffbd8d00000 	C:\Windows\System32\USER32.dll
0x00007ffbd8430000 - 0x00007ffbd8452000 	C:\Windows\System32\win32u.dll
0x00007ffbce800000 - 0x00007ffbcea9b000 	C:\Windows\WinSxS\amd64_microsoft.windows.common-controls_6595b64144ccf1df_6.0.19041.488_none_ca04af081b815d21\COMCTL32.dll
0x00007ffbd9830000 - 0x00007ffbd985a000 	C:\Windows\System32\GDI32.dll
0x00007ffbd8960000 - 0x00007ffbd89fe000 	C:\Windows\System32\msvcrt.dll
0x00007ffbd8460000 - 0x00007ffbd8569000 	C:\Windows\System32\gdi32full.dll
0x00007ffbd8390000 - 0x00007ffbd842d000 	C:\Windows\System32\msvcp_win.dll
0x00007ffbd8b30000 - 0x00007ffbd8b60000 	C:\Windows\System32\IMM32.DLL
0x00007ffbcc850000 - 0x00007ffbcc8eb000 	C:\Users\jian\AppData\Local\Programs\AdoptOpenJDK\jdk-11.0.8.10-hotspot\bin\msvcp140.dll
0x00007ffb9afe0000 - 0x00007ffb9ba9d000 	C:\Users\jian\AppData\Local\Programs\AdoptOpenJDK\jdk-11.0.8.10-hotspot\bin\server\jvm.dll
0x00007ffbd8850000 - 0x00007ffbd88fa000 	C:\Windows\System32\ADVAPI32.dll
0x00007ffbd9770000 - 0x00007ffbd980b000 	C:\Windows\System32\sechost.dll
0x00007ffbd9550000 - 0x00007ffbd9674000 	C:\Windows\System32\RPCRT4.dll
0x00007ffbd9020000 - 0x00007ffbd9028000 	C:\Windows\System32\PSAPI.DLL
0x00007ffbcd280000 - 0x00007ffbcd289000 	C:\Windows\SYSTEM32\WSOCK32.dll
0x00007ffbcec80000 - 0x00007ffbceca7000 	C:\Windows\SYSTEM32\WINMM.dll
0x00007ffbd2b10000 - 0x00007ffbd2b1a000 	C:\Windows\SYSTEM32\VERSION.dll
0x00007ffbd9700000 - 0x00007ffbd976b000 	C:\Windows\System32\WS2_32.dll
0x00007ffbd5e90000 - 0x00007ffbd5ea2000 	C:\Windows\SYSTEM32\kernel.appcore.dll
0x00007ffbce700000 - 0x00007ffbce710000 	C:\Users\jian\AppData\Local\Programs\AdoptOpenJDK\jdk-11.0.8.10-hotspot\bin\verify.dll
0x00007ffbc42d0000 - 0x00007ffbc44b4000 	C:\Windows\SYSTEM32\DBGHELP.DLL
0x00007ffbc4030000 - 0x00007ffbc405c000 	C:\Windows\SYSTEM32\dbgcore.DLL
0x00007ffbd7f70000 - 0x00007ffbd7fef000 	C:\Windows\System32\bcryptPrimitives.dll
0x00007ffbcc820000 - 0x00007ffbcc848000 	C:\Users\jian\AppData\Local\Programs\AdoptOpenJDK\jdk-11.0.8.10-hotspot\bin\java.dll
0x00007ffbcc810000 - 0x00007ffbcc81a000 	C:\Users\jian\AppData\Local\Programs\AdoptOpenJDK\jdk-11.0.8.10-hotspot\bin\jimage.dll
0x00007ffbcc7f0000 - 0x00007ffbcc807000 	C:\Users\jian\AppData\Local\Programs\AdoptOpenJDK\jdk-11.0.8.10-hotspot\bin\zip.dll

dbghelp: loaded successfully - version: 4.0.5 - missing functions: none
symbol engine: initialized successfully - sym options: 0x614 - pdb path: .;C:\Users\jian\AppData\Local\Programs\AdoptOpenJDK\jdk-11.0.8.10-hotspot\bin;C:\Windows\SYSTEM32;C:\Windows\WinSxS\amd64_microsoft.windows.common-controls_6595b64144ccf1df_6.0.19041.488_none_ca04af081b815d21;C:\Users\jian\AppData\Local\Programs\AdoptOpenJDK\jdk-11.0.8.10-hotspot\bin\server

VM Arguments:
jvm_args: -Dfile.encoding=MS949 
java_command: package_0.Calcul
java_class_path (initial): C:\Users\jian\Desktop\jian\GitHub\My_eBook
Launcher Type: SUN_STANDARD

[Global flags]
     intx CICompilerCount                          = 3                                         {product} {ergonomic}
     uint ConcGCThreads                            = 2                                         {product} {ergonomic}
     uint G1ConcRefinementThreads                  = 6                                         {product} {ergonomic}
   size_t G1HeapRegionSize                         = 1048576                                   {product} {ergonomic}
    uintx GCDrainStackTargetSize                   = 64                                        {product} {ergonomic}
   size_t InitialHeapSize                          = 268435456                                 {product} {ergonomic}
   size_t MarkStackSize                            = 4194304                                   {product} {ergonomic}
   size_t MaxHeapSize                              = 4278190080                                {product} {ergonomic}
   size_t MinHeapDeltaBytes                        = 1048576                                   {product} {ergonomic}
    uintx NonNMethodCodeHeapSize                   = 5830732                                {pd product} {ergonomic}
    uintx NonProfiledCodeHeapSize                  = 122913754                              {pd product} {ergonomic}
    uintx ProfiledCodeHeapSize                     = 122913754                              {pd product} {ergonomic}
    uintx ReservedCodeCacheSize                    = 251658240                              {pd product} {ergonomic}
     bool SegmentedCodeCache                       = true                                      {product} {ergonomic}
     bool UseCompressedClassPointers               = true                                 {lp64_product} {ergonomic}
     bool UseCompressedOops                        = true                                 {lp64_product} {ergonomic}
     bool UseG1GC                                  = true                                      {product} {ergonomic}
     bool UseLargePagesIndividualAllocation        = false                                  {pd product} {ergonomic}

Logging:
Log output configuration:
 #0: stdout all=warning uptime,level,tags
 #1: stderr all=off uptime,level,tags

Environment Variables:
JAVA_HOME=C:\Users\jian\AppData\Local\Programs\AdoptOpenJDK\jdk-11.0.8.10-hotspot\
PATH=C:/Program Files/Java/jdk-14.0.2/bin/server;C:/Program Files/Java/jdk-14.0.2/bin;C:\Program Files (x86)\NAT Service;C:\Windows\system32;C:\Windows;C:\Windows\System32\Wbem;C:\Windows\System32\WindowsPowerShell\v1.0\;C:\Windows\System32\OpenSSH\;C:\Program Files\NVIDIA Corporation\NVIDIA NvDLISR;C:\Program Files\Java\jdk-14.0.2\bin;C:\Program Files\MySQL\MySQL Server 8.0\bin;C:\Program Files\Git\cmd;C:\Program Files\MySQL\MySQL Shell 8.0\bin\;C:\Users\jian\AppData\Local\Programs\AdoptOpenJDK\jdk-11.0.8.10-hotspot\bin;C:\Users\jian\AppData\Local\Programs\Python\Python39\Scripts\;C:\Users\jian\AppData\Local\Programs\Python\Python39\;C:\Users\jian\AppData\Local\Microsoft\WindowsApps;;C:\Users\jian\AppData\Local\Programs\Microsoft VS Code\bin;C:\Windows\System32;
USERNAME=jian
OS=Windows_NT
PROCESSOR_IDENTIFIER=Intel64 Family 6 Model 158 Stepping 10, GenuineIntel



---------------  S Y S T E M  ---------------

OS: Windows 10 , 64 bit Build 19041 (10.0.19041.546)
OS uptime: 5 days 16:33 hours

CPU:total 6 (initial active 6) (6 cores per cpu, 1 threads per core) family 6 model 158 stepping 10, cmov, cx8, fxsr, mmx, sse, sse2, sse3, ssse3, sse4.1, sse4.2, popcnt, avx, avx2, aes, clmul, erms, 3dnowpref, lzcnt, tsc, tscinvbit, bmi1, bmi2, adx, fma

Memory: 4k page, system-wide physical 16317M (6888M free)
TotalPageFile size 46054M (AvailPageFile size 206M)
current process WorkingSet (physical memory assigned to process): 10M, peak: 10M
current process commit charge ("private bytes"): 56M, peak: 312M

vm_info: OpenJDK 64-Bit Server VM (11.0.8+10) for windows-amd64 JRE (11.0.8+10), built on Jul 15 2020 11:45:54 by "" with MS VC++ 15.9 (VS2017)

END.
